<?xml version="1.0" encoding="UTF-8"?>
<!-- Generated by org.testng.reporters.JUnitXMLReporter -->
<testsuite ignored="0" hostname="MYNDLAP-4466" failures="2" tests="2" name="Property" time="151.318" errors="0" timestamp="2024-10-07T15:41:29 IST">
  <testcase classname="Test.LesseeRegistration.LesseeRegistrationFlow" name="lesseeRegistrationFlow" time="39.997">
    <failure type="java.lang.AssertionError" message="The following asserts failed:
	Basic Fields Error Messages Assertion Failed expected [true] but found [false]">
      <![CDATA[java.lang.AssertionError: The following asserts failed:
Basic Fields Error Messages Assertion Failed expected [true] but found [false]
at Test.LesseeRegistration.LesseeRegistrationFlow.lesseeRegistrationFlow(LesseeRegistrationFlow.java:401)
at java.base/java.util.concurrent.Executors$RunnableAdapter.call(Executors.java:572)
at java.base/java.util.concurrent.FutureTask.run(FutureTask.java:317)
at java.base/java.util.concurrent.ThreadPoolExecutor.runWorker(ThreadPoolExecutor.java:1144)
at java.base/java.util.concurrent.ThreadPoolExecutor$Worker.run(ThreadPoolExecutor.java:642)
at java.base/java.lang.Thread.run(Thread.java:1570)
... Removed 13 stack frames]]>
    </failure>
  </testcase> <!-- lesseeRegistrationFlow -->
  <testcase classname="Test.LesseeRegistration.LesseeRegistrationFlow" name="lesseeRegistrationFlow" time="87.559">
    <failure type="java.lang.AssertionError" message="The following asserts failed:
	TDS Fields Error Messages Assertion Failed expected [true] but found [false]">
      <![CDATA[java.lang.AssertionError: The following asserts failed:
TDS Fields Error Messages Assertion Failed expected [true] but found [false]
at Test.LesseeRegistration.LesseeRegistrationFlow.lesseeRegistrationFlow(LesseeRegistrationFlow.java:401)
at java.base/java.util.concurrent.Executors$RunnableAdapter.call(Executors.java:572)
at java.base/java.util.concurrent.FutureTask.run(FutureTask.java:317)
at java.base/java.util.concurrent.ThreadPoolExecutor.runWorker(ThreadPoolExecutor.java:1144)
at java.base/java.util.concurrent.ThreadPoolExecutor$Worker.run(ThreadPoolExecutor.java:642)
at java.base/java.lang.Thread.run(Thread.java:1570)
... Removed 13 stack frames]]>
    </failure>
  </testcase> <!-- lesseeRegistrationFlow -->
</testsuite> <!-- Property -->
