<?xml version="1.0" encoding="UTF-8"?>
<testsuite xmlns:xsi="http://www.w3.org/2001/XMLSchema-instance" xsi:noNamespaceSchemaLocation="https://maven.apache.org/surefire/maven-surefire-plugin/xsd/surefire-test-report.xsd" version="3.0.2" name="TestSuite" time="299.059" tests="3" errors="0" skipped="0" failures="1">
  <properties>
[...]
</properties>
  <testcase name="lessorRegistrationFlow[{gst_Number=29GGGGG1314R9Z6, =null, country=India, lessor_Site_Id=12345676, account_Number=null, edited_Contact_Person_Name=null, payout=null, lessor_Site_Name=null, address_Type2=PROPERTY, msme_File_Path=\src\main\java\Resources\sample-pan-card-front.jpg, cheque_File_Path=\src\main\java\Resources\sample-pan-card-front.jpg, password=Mynd@2022, address_Type3=SITE, lessor_Email=TestVendor@yopmail.com, TDS_Component=Common Area Maintenance, state=Bihar, portal=Mynd Lease products, gst_State=Bihar, pincode=123456, msme_Registration_Number=UDYAM-XY-07-1234567, bank_Name=null, cin_Number=1234567890, company_Code=MNDACNT220005, account_Holder_Name=null, e_Invoice=true, test_Name=Verify Registration of Lessor, contact_Email=TestVendorNew2@yopmail.com, edited_Mobile_Number=null, pan_Number=BYVPV0861K, address_Line1=Test Address1, address_Line2=Test Address2, test_Id=Lessor_REG-001, menu_Option=Lessor, erp_Code=1234567890, test_Scenario=Verify Bank Tab Fields on Blank Input Tab and Verifying Error Messages, msme_Option= Small , gst_File_Path=\src\main\java\Resources\sample-pan-card-front.jpg, city=Patna - Gaya, bank_Branch=null, lessor_Name=Test Vendor, gst_Status=Composition, gst_Country=India, msme_Exp_Date=12-12-2025, bank_Account_Type=null, ifsc_Code=null, lessor_Type=Private Company, userName=sunil.gaur@myndsol.com, TDS_Code=IJ- Sec 194I-Inv.COM-Rent Property 10%, edited_Contact_Email=null, pan_File_Path=\src\main\java\Resources\sample-pan-card-front.jpg, address_Type=CORPORATE, case_Type=Negative, mobile_Number=7897891234, contact_Person_Name=Test Contact, remarks=Test Remarks}, org.testng.TestRunner@5db03589](1)" classname="Test.LessorRegistration.LessorRegistrationFlow" time="82.765">
    <system-out><![CDATA[Number of sheets: 8
]]></system-out>
    <system-err><![CDATA[SLF4J: Failed to load class "org.slf4j.impl.StaticLoggerBinder".
SLF4J: Defaulting to no-operation (NOP) logger implementation
SLF4J: See http://www.slf4j.org/codes.html#StaticLoggerBinder for further details.
]]></system-err>
  </testcase>
  <testcase name="lessorRegistrationFlow[{gst_Number=29GGGGG1314R9Z6, =null, country=India, lessor_Site_Id=null, account_Number=9878978989, edited_Contact_Person_Name=null, payout=MG, lessor_Site_Name=null, address_Type2=PROPERTY, msme_File_Path=\src\main\java\Resources\sample-pan-card-front.jpg, cheque_File_Path=\src\main\java\Resources\sample-pan-card-front.jpg, password=Mynd@2022, address_Type3=SITE, lessor_Email=TestVendor@yopmail.com, TDS_Component=null, state=Bihar, portal=Mynd Lease products, gst_State=Delhi, pincode=123456, msme_Registration_Number=UDYAM-XY-07-1234567, bank_Name=Bank of India, cin_Number=1234567890, company_Code=MNDACNT220005, account_Holder_Name=*(&amp;*(&amp;*(, e_Invoice=true, test_Name=Verify Registration of Lessor, contact_Email=TestVendorNew2@yopmail.com, edited_Mobile_Number=null, pan_Number=BYVPV0861K, address_Line1=Test Address1, address_Line2=Test Address2, test_Id=Lessor_REG-001, menu_Option=Lessor, erp_Code=1234567890, test_Scenario=Verify Bank Tab Fields on Invalid Input Tab and Verifying Error Messages, msme_Option= Small , gst_File_Path=\src\main\java\Resources\sample-pan-card-front.jpg, city=Patna - Gaya, bank_Branch=Mall Road, lessor_Name=Test Vendor, gst_Status=Composition, gst_Country=India, msme_Exp_Date=12-12-2025, bank_Account_Type=Current, ifsc_Code=MAH(*&amp;(*, lessor_Type=Private Company, userName=sunil.gaur@myndsol.com, TDS_Code=null, edited_Contact_Email=null, pan_File_Path=\src\main\java\Resources\sample-pan-card-front.jpg, address_Type=CORPORATE, case_Type=Negative, mobile_Number=7897891234, contact_Person_Name=Test Contact, remarks=null}, org.testng.TestRunner@5db03589](2)" classname="Test.LessorRegistration.LessorRegistrationFlow" time="85.363"/>
  <testcase name="lessorRegistrationFlow[{gst_Number=29GGGGG1314R9Z6, =null, country=India, lessor_Site_Id=null, account_Number=57483920121, edited_Contact_Person_Name=null, payout=MG, lessor_Site_Name=null, address_Type2=PROPERTY, msme_File_Path=\src\main\java\Resources\sample-pan-card-front.jpg, cheque_File_Path=\src\main\java\Resources\sample-pan-card-front.jpg, password=Mynd@2022, address_Type3=SITE, lessor_Email=TestVendor@yopmail.com, TDS_Component=Common Area Maintenance, state=Bihar, portal=Mynd Lease products, gst_State=Delhi, pincode=123456, msme_Registration_Number=UDYAM-XY-07-1234567, bank_Name=Bank of India, cin_Number=1234567890, company_Code=MNDACNT220005, account_Holder_Name=Test Person, e_Invoice=true, test_Name=Verify Registration of Lessor, contact_Email=TestVendorNew2@yopmail.com, edited_Mobile_Number=null, pan_Number=BYVPV0861K, address_Line1=Test Address1, address_Line2=Test Address2, test_Id=Lessor_REG-001, menu_Option=Lessor, erp_Code=1234567890, test_Scenario=Verify TDS Tab Fields on Blank Input Tab and Verifying Error Messages, msme_Option= Small , gst_File_Path=\src\main\java\Resources\sample-pan-card-front.jpg, city=Patna - Gaya, bank_Branch=Mall Road, lessor_Name=Bank Details Lessor, gst_Status=Composition, gst_Country=India, msme_Exp_Date=12-12-2025, bank_Account_Type=Current, ifsc_Code=MAHB0012333, lessor_Type=Private Company, userName=sunil.gaur@myndsol.com, TDS_Code=IJ- Sec 194I-Inv.COM-Rent Property 10%, edited_Contact_Email=null, pan_File_Path=\src\main\java\Resources\sample-pan-card-front.jpg, address_Type=CORPORATE, case_Type=Negative, mobile_Number=7897891234, contact_Person_Name=Test Contact, remarks=null}, org.testng.TestRunner@5db03589](3)" classname="Test.LessorRegistration.LessorRegistrationFlow" time="98.004">
    <failure message="Expected condition failed: waiting for text (&apos;Data save successfully&apos;) to be present in element [[ChromeDriver: chrome on windows (2143436b22b267672411515f4d632758)] -&gt; css selector: #toast-container] (tried for 3 second(s) with 500 milliseconds interval)&#10;Build info: version: &apos;4.25.0&apos;, revision: &apos;8a8aea2337&apos;&#10;System info: os.name: &apos;Windows 10&apos;, os.arch: &apos;amd64&apos;, os.version: &apos;10.0&apos;, java.version: &apos;22.0.2&apos;&#10;Driver info: org.openqa.selenium.chrome.ChromeDriver&#10;Capabilities {acceptInsecureCerts: false, browserName: chrome, browserVersion: 129.0.6668.90, chrome: {chromedriverVersion: 129.0.6668.89 (951c0b97221f..., userDataDir: C:\Users\ABHAY~1.VER\AppDat...}, fedcm:accounts: true, goog:chromeOptions: {debuggerAddress: localhost:53035}, networkConnectionEnabled: false, pageLoadStrategy: normal, platformName: windows, proxy: Proxy(), se:cdp: ws://localhost:53035/devtoo..., se:cdpVersion: 129.0.6668.90, setWindowRect: true, strictFileInteractability: false, timeouts: {implicit: 0, pageLoad: 300000, script: 30000}, unhandledPromptBehavior: dismiss and notify, webauthn:extension:credBlob: true, webauthn:extension:largeBlob: true, webauthn:extension:minPinLength: true, webauthn:extension:prf: true, webauthn:virtualAuthenticators: true}&#10;Session ID: 2143436b22b267672411515f4d632758" type="org.openqa.selenium.TimeoutException"><![CDATA[org.openqa.selenium.TimeoutException: 
Expected condition failed: waiting for text ('Data save successfully') to be present in element [[ChromeDriver: chrome on windows (2143436b22b267672411515f4d632758)] -> css selector: #toast-container] (tried for 3 second(s) with 500 milliseconds interval)
Build info: version: '4.25.0', revision: '8a8aea2337'
System info: os.name: 'Windows 10', os.arch: 'amd64', os.version: '10.0', java.version: '22.0.2'
Driver info: org.openqa.selenium.chrome.ChromeDriver
Capabilities {acceptInsecureCerts: false, browserName: chrome, browserVersion: 129.0.6668.90, chrome: {chromedriverVersion: 129.0.6668.89 (951c0b97221f..., userDataDir: C:\Users\ABHAY~1.VER\AppDat...}, fedcm:accounts: true, goog:chromeOptions: {debuggerAddress: localhost:53035}, networkConnectionEnabled: false, pageLoadStrategy: normal, platformName: windows, proxy: Proxy(), se:cdp: ws://localhost:53035/devtoo..., se:cdpVersion: 129.0.6668.90, setWindowRect: true, strictFileInteractability: false, timeouts: {implicit: 0, pageLoad: 300000, script: 30000}, unhandledPromptBehavior: dismiss and notify, webauthn:extension:credBlob: true, webauthn:extension:largeBlob: true, webauthn:extension:minPinLength: true, webauthn:extension:prf: true, webauthn:virtualAuthenticators: true}
Session ID: 2143436b22b267672411515f4d632758
	at org.openqa.selenium.support.ui.WebDriverWait.timeoutException(WebDriverWait.java:84)
	at org.openqa.selenium.support.ui.FluentWait.until(FluentWait.java:228)
	at CommonFiles.AbstractComponents.waitforTextinElement(AbstractComponents.java:108)
	at CommonFiles.AbstractComponents.getToastMessage(AbstractComponents.java:278)
	at Test.LessorRegistration.LessorRegistrationFlow.lessorRegistrationFlow(LessorRegistrationFlow.java:322)
	at java.base/jdk.internal.reflect.DirectMethodHandleAccessor.invoke(DirectMethodHandleAccessor.java:103)
	at java.base/java.lang.reflect.Method.invoke(Method.java:580)
	at org.testng.internal.invokers.MethodInvocationHelper.invokeMethod(MethodInvocationHelper.java:141)
	at org.testng.internal.invokers.TestInvoker.invokeMethod(TestInvoker.java:686)
	at org.testng.internal.invokers.TestInvoker.invokeTestMethod(TestInvoker.java:230)
	at org.testng.internal.invokers.MethodRunner.runInSequence(MethodRunner.java:63)
	at org.testng.internal.invokers.TestInvoker$MethodInvocationAgent.invoke(TestInvoker.java:992)
	at org.testng.internal.invokers.TestInvoker.invokeTestMethods(TestInvoker.java:203)
	at org.testng.internal.invokers.TestMethodWorker.invokeTestMethods(TestMethodWorker.java:154)
	at org.testng.internal.invokers.TestMethodWorker.run(TestMethodWorker.java:134)
	at java.base/java.util.concurrent.Executors$RunnableAdapter.call(Executors.java:572)
	at java.base/java.util.concurrent.FutureTask.run(FutureTask.java:317)
	at org.testng.internal.thread.graph.TestNGFutureTask.run(TestNGFutureTask.java:22)
	at java.base/java.util.concurrent.ThreadPoolExecutor.runWorker(ThreadPoolExecutor.java:1144)
	at java.base/java.util.concurrent.ThreadPoolExecutor$Worker.run(ThreadPoolExecutor.java:642)
	at java.base/java.lang.Thread.run(Thread.java:1570)
]]></failure>
    <system-out><![CDATA[Please Select
Please Select
Test Person
Test Contact
]]></system-out>
  </testcase>
</testsuite>