<?xml version="1.0" encoding="UTF-8"?>
<!-- Generated by org.testng.reporters.JUnitXMLReporter -->
<testsuite ignored="0" hostname="MYNDLAP-4466" failures="0" tests="6" name="LoginFlow" time="60.721" errors="0" timestamp="2024-10-07T15:38:08 IST">
  <testcase classname="Test.Login.LeaseXLogin" name="loginFlow" time="3.518"/>
  <testcase classname="Test.Login.LeaseXLogin" name="loginFlow" time="3.374"/>
  <testcase classname="Test.Login.LeaseXLogin" name="loginFlow" time="0.584"/>
  <testcase classname="Test.Login.LeaseXLogin" name="loginFlow" time="0.367"/>
  <testcase classname="Test.Login.LeaseXLogin" name="loginFlow" time="0.272"/>
  <testcase classname="Test.Login.LeaseXLogin" name="loginFlow" time="0.338"/>
</testsuite> <!-- LoginFlow -->
